commit 9e9e40e94d17a9bab7285c4e734366db178d9105
Author: NasserDos <nasserbinshabeeb@mail.weber.edu>
Date:   Sat Mar 18 16:04:17 2017 -0600

    log up to date

commit bd753005942ea45439080ab318234bf6ad9998bb
Author: NasserDos <nasserbinshabeeb@mail.weber.edu>
Date:   Sat Mar 18 16:03:40 2017 -0600

    ranking works, results indicate that the regular expression needs revision

commit 4e74d957b19b7420acb7469c954bf50168e7ad5a
Author: NasserDos <nasserbinshabeeb@mail.weber.edu>
Date:   Sat Mar 18 13:42:55 2017 -0600

    almost done, added log file

commit 3e5b6e6f06ce1772f882d96385a29ec5377f9304
Author: NasserDos <nasserbinshabeeb@mail.weber.edu>
Date:   Wed Mar 15 17:35:44 2017 -0600

    initial commit

commit ee9c89273d8f600f751948ddd4a83681cc6ac5dc
Author: NasserDos <nasserbinshabeeb@mail.weber.edu>
Date:   Wed Mar 15 17:32:03 2017 -0600

    Initial commit
